<?xml version="1.0" encoding="UTF-8"?>
<!-- Generated by org.testng.reporters.JUnitReportReporter -->
<testsuite hostname="lisaogawa" name="com.qtpselenim.testcases.Test1" tests="1" failures="1" timestamp="23 Sep 2014 06:46:37 GMT" time="0.001" errors="0">
  <testcase name="sampleTest" time="0.001" classname="com.qtpselenim.testcases.Test1"/>
</testsuite> <!-- com.qtpselenim.testcases.Test1 -->
